[2019-03-01T10:12:57.057Z] [org.springframework.boot.StartupInfoLogger] [main] [48] [INFO ] Starting SpringBootStarterClass on sensei-desktop with PID 4580 (/home/sen-sei/perdix-workspace/SpringBootexample/target/classes started by sen-sei in /home/sen-sei/perdix-workspace/SpringBootexample)
[2019-03-01T10:12:57.057Z] [org.springframework.boot.SpringApplication] [main] [661] [INFO ] No active profile set, falling back to default profiles: default
[2019-03-01T10:12:57.057Z] [org.springframework.context.support.AbstractApplicationContext] [main] [582] [INFO ] Refreshing org.springframework.boot.context.embedded.AnnotationConfigEmbeddedWebApplicationContext@4fb0f2b9: startup date [Fri Mar 01 10:12:57 IST 2019]; root of context hierarchy
[2019-03-01T10:12:58.058Z] [org.springframework.boot.context.embedded.tomcat.TomcatEmbeddedServletContainer] [main] [87] [INFO ] Tomcat initialized with port(s): 8085 (http)
[2019-03-01T10:12:58.058Z] [org.apache.juli.logging.DirectJDKLog] [main] [179] [INFO ] Starting service Tomcat
[2019-03-01T10:12:58.058Z] [org.apache.juli.logging.DirectJDKLog] [main] [179] [INFO ] Starting Servlet Engine: Apache Tomcat/8.5.6
[2019-03-01T10:12:58.058Z] [org.apache.juli.logging.DirectJDKLog] [localhost-startStop-1] [179] [INFO ] Initializing Spring embedded WebApplicationContext
[2019-03-01T10:12:58.058Z] [org.springframework.boot.context.embedded.EmbeddedWebApplicationContext] [localhost-startStop-1] [276] [INFO ] Root WebApplicationContext: initialization completed in 1399 ms
[2019-03-01T10:12:59.059Z] [org.springframework.boot.web.servlet.ServletRegistrationBean] [localhost-startStop-1] [190] [INFO ] Mapping servlet: 'dispatcherServlet' to [/]
[2019-03-01T10:12:59.059Z] [org.springframework.boot.web.servlet.AbstractFilterRegistrationBean] [localhost-startStop-1] [258] [INFO ] Mapping filter: 'characterEncodingFilter' to: [/*]
[2019-03-01T10:12:59.059Z] [org.springframework.boot.web.servlet.AbstractFilterRegistrationBean] [localhost-startStop-1] [258] [INFO ] Mapping filter: 'hiddenHttpMethodFilter' to: [/*]
[2019-03-01T10:12:59.059Z] [org.springframework.boot.web.servlet.AbstractFilterRegistrationBean] [localhost-startStop-1] [258] [INFO ] Mapping filter: 'httpPutFormContentFilter' to: [/*]
[2019-03-01T10:12:59.059Z] [org.springframework.boot.web.servlet.AbstractFilterRegistrationBean] [localhost-startStop-1] [258] [INFO ] Mapping filter: 'requestContextFilter' to: [/*]
[2019-03-01T10:12:59.059Z] [org.springframework.web.servlet.mvc.method.annotation.RequestMappingHandlerAdapter] [main] [534] [INFO ] Looking for @ControllerAdvice: org.springframework.boot.context.embedded.AnnotationConfigEmbeddedWebApplicationContext@4fb0f2b9: startup date [Fri Mar 01 10:12:57 IST 2019]; root of context hierarchy
[2019-03-01T10:12:59.059Z] [org.springframework.web.servlet.handler.AbstractHandlerMethodMapping$MappingRegistry] [main] [543] [INFO ] Mapped "{[/get/{name}],methods=[GET]}" onto public java.lang.String com.springboot.example.UserController.getUser(java.lang.String)
[2019-03-01T10:12:59.059Z] [org.springframework.web.servlet.handler.AbstractHandlerMethodMapping$MappingRegistry] [main] [543] [INFO ] Mapped "{[/error],produces=[text/html]}" onto public org.springframework.web.servlet.ModelAndView org.springframework.boot.autoconfigure.web.BasicErrorController.errorHtml(javax.servlet.http.HttpServletRequest,javax.servlet.http.HttpServletResponse)
[2019-03-01T10:12:59.059Z] [org.springframework.web.servlet.handler.AbstractHandlerMethodMapping$MappingRegistry] [main] [543] [INFO ] Mapped "{[/error]}" onto public org.springframework.http.ResponseEntity<java.util.Map<java.lang.String, java.lang.Object>> org.springframework.boot.autoconfigure.web.BasicErrorController.error(javax.servlet.http.HttpServletRequest)
[2019-03-01T10:12:59.059Z] [org.springframework.web.servlet.handler.AbstractUrlHandlerMapping] [main] [354] [INFO ] Mapped URL path [/webjars/**] onto handler of type [class org.springframework.web.servlet.resource.ResourceHttpRequestHandler]
[2019-03-01T10:12:59.059Z] [org.springframework.web.servlet.handler.AbstractUrlHandlerMapping] [main] [354] [INFO ] Mapped URL path [/**] onto handler of type [class org.springframework.web.servlet.resource.ResourceHttpRequestHandler]
[2019-03-01T10:12:59.059Z] [org.springframework.web.servlet.handler.AbstractUrlHandlerMapping] [main] [354] [INFO ] Mapped URL path [/**/favicon.ico] onto handler of type [class org.springframework.web.servlet.resource.ResourceHttpRequestHandler]
[2019-03-01T10:12:59.059Z] [org.springframework.jmx.export.MBeanExporter] [main] [431] [INFO ] Registering beans for JMX exposure on startup
[2019-03-01T10:12:59.059Z] [org.springframework.boot.context.embedded.tomcat.TomcatEmbeddedServletContainer] [main] [185] [INFO ] Tomcat started on port(s): 8085 (http)
[2019-03-01T10:12:59.059Z] [org.springframework.boot.StartupInfoLogger] [main] [57] [INFO ] Started SpringBootStarterClass in 2.577 seconds (JVM running for 3.014)
[2019-03-01T10:12:59.059Z] [com.springboot.example.SpringBootStarterClass] [main] [18] [INFO ] log files are sterted
[2019-03-01T10:12:59.059Z] [com.springboot.example.SpringBootStarterClass] [main] [19] [INFO ] information of logger
[2019-03-01T10:15:10.010Z] [org.apache.juli.logging.DirectJDKLog] [http-nio-8085-exec-1] [179] [INFO ] Initializing Spring FrameworkServlet 'dispatcherServlet'
[2019-03-01T10:15:10.010Z] [org.springframework.web.servlet.FrameworkServlet] [http-nio-8085-exec-1] [489] [INFO ] FrameworkServlet 'dispatcherServlet': initialization started
[2019-03-01T10:15:10.010Z] [org.springframework.web.servlet.FrameworkServlet] [http-nio-8085-exec-1] [508] [INFO ] FrameworkServlet 'dispatcherServlet': initialization completed in 8 ms
[2019-03-01T10:18:03.003Z] [org.springframework.context.support.AbstractApplicationContext] [Thread-2] [987] [INFO ] Closing org.springframework.boot.context.embedded.AnnotationConfigEmbeddedWebApplicationContext@4fb0f2b9: startup date [Fri Mar 01 10:12:57 IST 2019]; root of context hierarchy
[2019-03-01T10:18:03.003Z] [org.springframework.jmx.export.MBeanExporter] [Thread-2] [449] [INFO ] Unregistering JMX-exposed beans on shutdown
